  [1m[35m (0.2ms)[0m  [1m[34mSELECT sqlite_version(*)[0m
  ↳ /Users/anthony/.rbenv/versions/2.6.5/bin/rake:23
  [1m[35m (4.5ms)[0m  [1m[35mCREATE TABLE "schema_migrations" ("version" varchar NOT NULL PRIMARY KEY)[0m
  ↳ /Users/anthony/.rbenv/versions/2.6.5/bin/rake:23
  [1m[35m (1.7ms)[0m  [1m[35mCREATE TABLE "ar_internal_metadata" ("key" varchar NOT NULL PRIMARY KEY, "value" varchar, "created_at" datetime NOT NULL, "updated_at" datetime NOT NULL)[0m
  ↳ /Users/anthony/.rbenv/versions/2.6.5/bin/rake:23
  [1m[36mActiveRecord::InternalMetadata Load (0.3ms)[0m  [1m[34mSELECT  "ar_internal_metadata".* FROM "ar_internal_metadata" WHERE "ar_internal_metadata"."key" = ? LIMIT ?[0m  [["key", "environment"], ["LIMIT", 1]]
  ↳ /Users/anthony/.rbenv/versions/2.6.5/bin/rake:23
  [1m[35m (0.1ms)[0m  [1m[36mbegin transaction[0m
  ↳ /Users/anthony/.rbenv/versions/2.6.5/bin/rake:23
  [1m[36mActiveRecord::InternalMetadata Create (1.6ms)[0m  [1m[32mINSERT INTO "ar_internal_metadata" ("key", "value", "created_at", "updated_at") VALUES (?, ?, ?, ?)[0m  [["key", "environment"], ["value", "development"], ["created_at", "2023-01-23 22:21:45.647655"], ["updated_at", "2023-01-23 22:21:45.647655"]]
  ↳ /Users/anthony/.rbenv/versions/2.6.5/bin/rake:23
  [1m[35m (7.8ms)[0m  [1m[36mcommit transaction[0m
  ↳ /Users/anthony/.rbenv/versions/2.6.5/bin/rake:23
  [1m[35m (0.2ms)[0m  [1m[34mSELECT "schema_migrations"."version" FROM "schema_migrations" ORDER BY "schema_migrations"."version" ASC[0m
  ↳ /Users/anthony/.rbenv/versions/2.6.5/bin/rake:23
  [1m[35m (0.2ms)[0m  [1m[34mSELECT "schema_migrations"."version" FROM "schema_migrations" ORDER BY "schema_migrations"."version" ASC[0m
  ↳ /Users/anthony/.rbenv/versions/2.6.5/bin/rake:23
  [1m[35m (0.2ms)[0m  [1m[34mSELECT "schema_migrations"."version" FROM "schema_migrations" ORDER BY "schema_migrations"."version" ASC[0m
  ↳ bin/rails:9
Migrating to CreateBeers (20230123222145)
  [1m[35m (0.1ms)[0m  [1m[36mbegin transaction[0m
  ↳ bin/rails:9
  [1m[35m (0.1ms)[0m  [1m[34mSELECT sqlite_version(*)[0m
  ↳ db/migrate/20230123222145_create_beers.rb:3
  [1m[35m (0.7ms)[0m  [1m[35mCREATE TABLE "beers" ("id" integer PRIMARY KEY AUTOINCREMENT NOT NULL, "brand" varchar, "style" varchar, "country" varchar, "quantity" integer, "created_at" datetime NOT NULL, "updated_at" datetime NOT NULL)[0m
  ↳ db/migrate/20230123222145_create_beers.rb:3
  [1m[36mActiveRecord::SchemaMigration Create (0.3ms)[0m  [1m[32mINSERT INTO "schema_migrations" ("version") VALUES (?)[0m  [["version", "20230123222145"]]
  ↳ bin/rails:9
  [1m[35m (6.0ms)[0m  [1m[36mcommit transaction[0m
  ↳ bin/rails:9
  [1m[36mActiveRecord::InternalMetadata Load (0.4ms)[0m  [1m[34mSELECT  "ar_internal_metadata".* FROM "ar_internal_metadata" WHERE "ar_internal_metadata"."key" = ? LIMIT ?[0m  [["key", "environment"], ["LIMIT", 1]]
  ↳ bin/rails:9
  [1m[35m (0.1ms)[0m  [1m[36mbegin transaction[0m
  ↳ bin/rails:9
  [1m[35m (0.2ms)[0m  [1m[36mcommit transaction[0m
  ↳ bin/rails:9
  [1m[35m (0.8ms)[0m  [1m[34mSELECT "schema_migrations"."version" FROM "schema_migrations" ORDER BY "schema_migrations"."version" ASC[0m
  ↳ bin/rails:9
  [1m[35m (0.2ms)[0m  [1m[34mSELECT "schema_migrations"."version" FROM "schema_migrations" ORDER BY "schema_migrations"."version" ASC[0m
  ↳ /Users/anthony/.rbenv/versions/2.6.5/bin/rake:23
  [1m[35m (0.1ms)[0m  [1m[36mbegin transaction[0m
  ↳ db/seeds.rb:8
  [1m[36mBeer Create (0.5ms)[0m  [1m[32mINSERT INTO "beers" ("brand", "style", "country", "quantity", "created_at", "updated_at") VALUES (?, ?, ?, ?, ?, ?)[0m  [["brand", "Double Stout"], ["style", "Stout"], ["country", "England"], ["quantity", 54], ["created_at", "2023-01-23 22:24:02.504514"], ["updated_at", "2023-01-23 22:24:02.504514"]]
  ↳ db/seeds.rb:8
  [1m[35m (1.8ms)[0m  [1m[36mcommit transaction[0m
  ↳ db/seeds.rb:8
  [1m[35m (0.1ms)[0m  [1m[36mbegin transaction[0m
  ↳ db/seeds.rb:9
  [1m[36mBeer Create (0.4ms)[0m  [1m[32mINSERT INTO "beers" ("brand", "style", "country", "quantity", "created_at", "updated_at") VALUES (?, ?, ?, ?, ?, ?)[0m  [["brand", "Spaten"], ["style", "Helles"], ["country", "Germany"], ["quantity", 3], ["created_at", "2023-01-23 22:24:02.509106"], ["updated_at", "2023-01-23 22:24:02.509106"]]
  ↳ db/seeds.rb:9
  [1m[35m (1.9ms)[0m  [1m[36mcommit transaction[0m
  ↳ db/seeds.rb:9
  [1m[35m (0.1ms)[0m  [1m[36mbegin transaction[0m
  ↳ db/seeds.rb:10
  [1m[36mBeer Create (0.5ms)[0m  [1m[32mINSERT INTO "beers" ("brand", "style", "country", "quantity", "created_at", "updated_at") VALUES (?, ?, ?, ?, ?, ?)[0m  [["brand", "Newcastle"], ["style", "Brown ale"], ["country", "UK"], ["quantity", 12], ["created_at", "2023-01-23 22:24:02.513650"], ["updated_at", "2023-01-23 22:24:02.513650"]]
  ↳ db/seeds.rb:10
  [1m[35m (1.8ms)[0m  [1m[36mcommit transaction[0m
  ↳ db/seeds.rb:10
Started GET "/" for 127.0.0.1 at 2023-01-23 16:02:53 -0700
  [1m[35m (1.4ms)[0m  [1m[34mSELECT "schema_migrations"."version" FROM "schema_migrations" ORDER BY "schema_migrations"."version" ASC[0m
  ↳ /Users/anthony/.rbenv/versions/2.6.5/lib/ruby/gems/2.6.0/gems/activerecord-5.2.4.1/lib/active_record/log_subscriber.rb:98
Processing by Rails::WelcomeController#index as HTML
  Rendering /Users/anthony/.rbenv/versions/2.6.5/lib/ruby/gems/2.6.0/gems/railties-5.2.4.1/lib/rails/templates/rails/welcome/index.html.erb
  Rendered /Users/anthony/.rbenv/versions/2.6.5/lib/ruby/gems/2.6.0/gems/railties-5.2.4.1/lib/rails/templates/rails/welcome/index.html.erb (6.0ms)
Completed 200 OK in 32ms (Views: 20.4ms | ActiveRecord: 0.0ms)


Started GET "/beer" for 127.0.0.1 at 2023-01-23 16:04:25 -0700
  [1m[35m (1.6ms)[0m  [1m[34mSELECT "schema_migrations"."version" FROM "schema_migrations" ORDER BY "schema_migrations"."version" ASC[0m
  ↳ /Users/anthony/.rbenv/versions/2.6.5/lib/ruby/gems/2.6.0/gems/activerecord-5.2.4.1/lib/active_record/log_subscriber.rb:98
  
ActionController::RoutingError (No route matches [GET] "/beer"):
  
actionpack (5.2.4.1) lib/action_dispatch/middleware/debug_exceptions.rb:65:in `call'
web-console (3.7.0) lib/web_console/middleware.rb:135:in `call_app'
web-console (3.7.0) lib/web_console/middleware.rb:30:in `block in call'
web-console (3.7.0) lib/web_console/middleware.rb:20:in `catch'
web-console (3.7.0) lib/web_console/middleware.rb:20:in `call'
actionpack (5.2.4.1) lib/action_dispatch/middleware/show_exceptions.rb:33:in `call'
railties (5.2.4.1) lib/rails/rack/logger.rb:38:in `call_app'
railties (5.2.4.1) lib/rails/rack/logger.rb:26:in `block in call'
activesupport (5.2.4.1) lib/active_support/tagged_logging.rb:71:in `block in tagged'
activesupport (5.2.4.1) lib/active_support/tagged_logging.rb:28:in `tagged'
activesupport (5.2.4.1) lib/active_support/tagged_logging.rb:71:in `tagged'
railties (5.2.4.1) lib/rails/rack/logger.rb:26:in `call'
sprockets-rails (3.2.1) lib/sprockets/rails/quiet_assets.rb:13:in `call'
actionpack (5.2.4.1) lib/action_dispatch/middleware/remote_ip.rb:81:in `call'
actionpack (5.2.4.1) lib/action_dispatch/middleware/request_id.rb:27:in `call'
rack (2.1.2) lib/rack/method_override.rb:24:in `call'
rack (2.1.2) lib/rack/runtime.rb:24:in `call'
activesupport (5.2.4.1) lib/active_support/cache/strategy/local_cache_middleware.rb:29:in `call'
actionpack (5.2.4.1) lib/action_dispatch/middleware/executor.rb:14:in `call'
actionpack (5.2.4.1) lib/action_dispatch/middleware/static.rb:127:in `call'
rack (2.1.2) lib/rack/sendfile.rb:113:in `call'
webpacker (4.3.0) lib/webpacker/dev_server_proxy.rb:23:in `perform_request'
rack-proxy (0.7.6) lib/rack/proxy.rb:87:in `call'
railties (5.2.4.1) lib/rails/engine.rb:524:in `call'
puma (3.12.2) lib/puma/configuration.rb:227:in `call'
puma (3.12.2) lib/puma/server.rb:674:in `handle_request'
puma (3.12.2) lib/puma/server.rb:476:in `process_client'
puma (3.12.2) lib/puma/server.rb:334:in `block in run'
puma (3.12.2) lib/puma/thread_pool.rb:135:in `block in spawn_thread'
Started GET "/beers" for 127.0.0.1 at 2023-01-23 16:04:36 -0700
Processing by BeersController#index as HTML
  Rendering beers/index.html.erb within layouts/application
  [1m[36mBeer Load (4.2ms)[0m  [1m[34mSELECT "beers".* FROM "beers"[0m
  ↳ app/views/beers/index.html.erb:17
  Rendered beers/index.html.erb within layouts/application (44.0ms)
Completed 200 OK in 1149ms (Views: 1125.1ms | ActiveRecord: 5.8ms)


Started GET "/" for 127.0.0.1 at 2023-01-23 17:00:47 -0700
  [1m[35m (1.2ms)[0m  [1m[34mSELECT "schema_migrations"."version" FROM "schema_migrations" ORDER BY "schema_migrations"."version" ASC[0m
  ↳ /Users/anthony/.rbenv/versions/2.6.5/lib/ruby/gems/2.6.0/gems/activerecord-5.2.4.1/lib/active_record/log_subscriber.rb:98
Processing by BeersController#index as HTML
  Rendering beers/index.html.erb within layouts/application
  Rendered beers/index.html.erb within layouts/application (2.8ms)
[Webpacker] Compiling...
[Webpacker] Compilation failed:
[31m[1mUsage Error[22m[39m: The project in /Users/anthony/repos/react-rails-beer-app/package.json doesn't seem to have been installed - running an install there might help

[1m$ [22myarn run [--inspect] [--inspect-brk] [-T,--top-level] [-B,--binaries-only] <scriptName> ...

Completed 500 Internal Server Error in 4622ms (ActiveRecord: 0.0ms)


  
ActionView::Template::Error (Webpacker can't find index in /Users/anthony/repos/react-rails-beer-app/public/packs/manifest.json. Possible causes:
1. You want to set webpacker.yml value of compile to true for your environment
   unless you are using the `webpack -w` or the webpack-dev-server.
2. webpack has not yet re-run to reflect updates.
3. You have misconfigured Webpacker's config/webpacker.yml file.
4. Your webpack configuration is not creating a manifest.
Your manifest contains:
{
}
):
    4:     <title>CrudRailsReact</title>
    5:     <%= csrf_meta_tags %>
    6:     <%= csp_meta_tag %>
    7:     <%= javascript_pack_tag 'index' %>
    8: 
    9:     <%= stylesheet_link_tag    'application', media: 'all', 'data-turbolinks-track': 'reload' %>
   10:     <%= javascript_include_tag 'application', 'data-turbolinks-track': 'reload' %>
  
app/views/layouts/application.html.erb:7:in `_app_views_layouts_application_html_erb___1090616456232478850_70160597861760'
Started GET "/" for 127.0.0.1 at 2023-01-23 17:01:01 -0700
Processing by BeersController#index as HTML
  Rendering beers/index.html.erb within layouts/application
  Rendered beers/index.html.erb within layouts/application (0.4ms)
[Webpacker] Compiling...
[Webpacker] Compilation failed:
[31m[1mUsage Error[22m[39m: The project in /Users/anthony/repos/react-rails-beer-app/package.json doesn't seem to have been installed - running an install there might help

[1m$ [22myarn run [--inspect] [--inspect-brk] [-T,--top-level] [-B,--binaries-only] <scriptName> ...

Completed 500 Internal Server Error in 2904ms (ActiveRecord: 0.0ms)


  
ActionView::Template::Error (Webpacker can't find index in /Users/anthony/repos/react-rails-beer-app/public/packs/manifest.json. Possible causes:
1. You want to set webpacker.yml value of compile to true for your environment
   unless you are using the `webpack -w` or the webpack-dev-server.
2. webpack has not yet re-run to reflect updates.
3. You have misconfigured Webpacker's config/webpacker.yml file.
4. Your webpack configuration is not creating a manifest.
Your manifest contains:
{
}
):
    4:     <title>CrudRailsReact</title>
    5:     <%= csrf_meta_tags %>
    6:     <%= csp_meta_tag %>
    7:     <%= javascript_pack_tag 'index' %>
    8: 
    9:     <%= stylesheet_link_tag    'application', media: 'all', 'data-turbolinks-track': 'reload' %>
   10:     <%= javascript_include_tag 'application', 'data-turbolinks-track': 'reload' %>
  
app/views/layouts/application.html.erb:7:in `_app_views_layouts_application_html_erb___1090616456232478850_70160594357680'
